[0m14:52:28.356890 [debug] [MainThread]: Sending event: {'category': 'dbt', 'action': 'invocation', 'label': 'start', 'context': [<snowplow_tracker.self_describing_json.SelfDescribingJson object at 0x000001C27D7E1130>, <snowplow_tracker.self_describing_json.SelfDescribingJson object at 0x000001C27D7E1220>, <snowplow_tracker.self_describing_json.SelfDescribingJson object at 0x000001C27D7E1250>]}


============================== 14:52:28.361108 | 6014aed3-815e-4900-9f87-4f5439633158 ==============================
[0m14:52:28.361108 [info ] [MainThread]: Running with dbt=1.7.11
[0m14:52:28.361108 [debug] [MainThread]: running dbt with arguments {'printer_width': '80', 'indirect_selection': 'eager', 'log_cache_events': 'False', 'write_json': 'True', 'partial_parse': 'True', 'cache_selected_only': 'False', 'profiles_dir': 'C:\\Users\\nguy7155\\.dbt', 'debug': 'False', 'version_check': 'True', 'log_path': 'logs', 'warn_error': 'None', 'fail_fast': 'False', 'use_colors': 'True', 'use_experimental_parser': 'False', 'no_print': 'None', 'quiet': 'False', 'log_format': 'default', 'static_parser': 'True', 'warn_error_options': 'WarnErrorOptions(include=[], exclude=[])', 'invocation_command': 'dbt init dbt_proj', 'target_path': 'None', 'introspect': 'True', 'send_anonymous_usage_stats': 'True'}
[0m14:52:28.395490 [warn ] [MainThread]: [ConfigFolderDirectory]: Unable to parse dict {'dir': WindowsPath('C:/Users/nguy7155/.dbt')}
[0m14:52:28.411693 [info ] [MainThread]: Creating dbt configuration folder at 
[0m14:52:28.418624 [debug] [MainThread]: Starter project path: C:\Users\nguy7155\OneDrive - Rackspace Inc\Documents\dbt-workspace\dbt_venv\Lib\site-packages\dbt\include\starter_project
[0m14:52:28.465161 [info ] [MainThread]: 
Your new dbt project "dbt_proj" was created!

For more information on how to configure the profiles.yml file,
please consult the dbt documentation here:

  https://docs.getdbt.com/docs/configure-your-profile

One more thing:

Need help? Don't hesitate to reach out to us via GitHub issues or on Slack:

  https://community.getdbt.com/

Happy modeling!

[0m14:52:28.465161 [info ] [MainThread]: Setting up your profile.
[0m16:05:37.492555 [info ] [MainThread]: Profile dbt_proj written to C:\Users\nguy7155\.dbt\profiles.yml using target's profile_template.yml and your supplied values. Run 'dbt debug' to validate the connection.
[0m16:05:37.506588 [debug] [MainThread]: Command `dbt init` succeeded at 16:05:37.505479 after 4389.32 seconds
[0m16:05:37.508863 [debug] [MainThread]: Sending event: {'category': 'dbt', 'action': 'invocation', 'label': 'end', 'context': [<snowplow_tracker.self_describing_json.SelfDescribingJson object at 0x000001C27D712420>, <snowplow_tracker.self_describing_json.SelfDescribingJson object at 0x000001C20EEF3470>, <snowplow_tracker.self_describing_json.SelfDescribingJson object at 0x000001C27D1412B0>]}
[0m16:05:37.511539 [debug] [MainThread]: Flushing usage events
[0m09:59:31.361858 [debug] [MainThread]: Sending event: {'category': 'dbt', 'action': 'invocation', 'label': 'start', 'context': [<snowplow_tracker.self_describing_json.SelfDescribingJson object at 0x0000019B6B15CDA0>, <snowplow_tracker.self_describing_json.SelfDescribingJson object at 0x0000019B6B15D9A0>, <snowplow_tracker.self_describing_json.SelfDescribingJson object at 0x0000019B6B15D160>]}


============================== 09:59:31.412253 | 4047eb64-17d3-4c33-8f22-f085d1982abf ==============================
[0m09:59:31.412253 [info ] [MainThread]: Running with dbt=1.7.11
[0m09:59:31.412253 [debug] [MainThread]: running dbt with arguments {'printer_width': '80', 'indirect_selection': 'eager', 'write_json': 'True', 'log_cache_events': 'False', 'partial_parse': 'True', 'cache_selected_only': 'False', 'profiles_dir': 'C:\\Users\\nguy7155\\.dbt', 'fail_fast': 'False', 'debug': 'False', 'log_path': 'logs', 'version_check': 'True', 'warn_error': 'None', 'use_colors': 'True', 'use_experimental_parser': 'False', 'no_print': 'None', 'quiet': 'False', 'warn_error_options': 'WarnErrorOptions(include=[], exclude=[])', 'static_parser': 'True', 'log_format': 'default', 'invocation_command': 'dbt docs generate', 'target_path': 'None', 'introspect': 'True', 'send_anonymous_usage_stats': 'True'}
[0m09:59:31.412253 [error] [MainThread]: Encountered an error:
Runtime Error
  No dbt_project.yml found at expected path C:\Users\nguy7155\OneDrive - Rackspace Inc\Documents\dbt-workspace\dbt_project.yml
  Verify that each entry within packages.yml (and their transitive dependencies) contains a file named dbt_project.yml
  
[0m09:59:31.424472 [debug] [MainThread]: Command `dbt docs generate` failed at 09:59:31.424472 after 0.26 seconds
[0m09:59:31.425460 [debug] [MainThread]: Sending event: {'category': 'dbt', 'action': 'invocation', 'label': 'end', 'context': [<snowplow_tracker.self_describing_json.SelfDescribingJson object at 0x0000019B6A7271A0>, <snowplow_tracker.self_describing_json.SelfDescribingJson object at 0x0000019B6AEAE030>, <snowplow_tracker.self_describing_json.SelfDescribingJson object at 0x0000019B6A575460>]}
[0m09:59:31.427579 [debug] [MainThread]: Flushing usage events
